This file contains any messages produced by compilers while
running configure, to aid debugging if configure makes a mistake.

It was created by util configure 1.0, which was
generated by GNU Autoconf 2.59.  Invocation command line was

  $ ./configure 

## --------- ##
## Platform. ##
## --------- ##

hostname = baba.local
uname -m = x86_64
uname -r = 16.7.0
uname -s = Darwin
uname -v = Darwin Kernel Version 16.7.0: Tue Jan 30 11:27:06 PST 2018; root:xnu-3789.73.11~1/RELEASE_X86_64

/usr/bin/uname -p = i386
/bin/uname -X     = unknown

/bin/arch              = unknown
/usr/bin/arch -k       = unknown
/usr/convex/getsysinfo = unknown
hostinfo               = Mach kernel version:
	 Darwin Kernel Version 16.7.0: Tue Jan 30 11:27:06 PST 2018; root:xnu-3789.73.11~1/RELEASE_X86_64
Kernel configured for up to 8 processors.
4 processors are physically available.
8 processors are logically available.
Processor type: x86_64h (Intel x86-64h Haswell)
Processors active: 0 1 2 3 4 5 6 7
Primary memory available: 16.00 gigabytes
Default processor set: 392 tasks, 1777 threads, 8 processors
Load average: 1.98, Mach factor: 6.01
/bin/machine           = unknown
/usr/bin/oslevel       = unknown
/bin/universe          = unknown

PATH: /Users/eric/emsdk_portable/emscripten/tag-1.37.28/system/bin
PATH: /usr/local/bin
PATH: /Users/eric/emsdk_portable
PATH: /Users/eric/emsdk_portable/clang/tag-e1.37.28/build_tag-e1.37.28_64/bin
PATH: /Users/eric/emsdk_portable/node/4.1.1_64bit/bin
PATH: /Users/eric/emsdk_portable/emscripten/tag-1.37.28
PATH: /Users/eric/emsdk_portable/binaryen/tag-1.37.28
PATH: /Users/eric/bin
PATH: /Users/eric/starbase/bin
PATH: /usr/local/git/bin
PATH: /bin
PATH: /sbin
PATH: /usr/bin
PATH: /usr/sbin
PATH: /usr/X11R6/bin
PATH: /Users/eric/miniconda2/bin
PATH: /Users/eric/soft/Montage/bin
PATH: /Users/eric/zhtools/bin
PATH: .


## ----------- ##
## Core tests. ##
## ----------- ##

configure:1338: checking build system type
configure:1356: result: x86_64-apple-darwin16.7.0
configure:1364: checking host system type
configure:1378: result: x86_64-apple-darwin16.7.0
configure:1432: checking for gcc
configure:1458: result: /Users/eric/emsdk_portable/emscripten/tag-1.37.28/emcc
configure:1702: checking for C compiler version
configure:1705: /Users/eric/emsdk_portable/emscripten/tag-1.37.28/emcc --version </dev/null >&5
emcc (Emscripten gcc/clang-like replacement) 1.37.28 ()
Copyright (C) 2014 the Emscripten authors (see AUTHORS.txt)
This is free and open source software under the MIT license.
There is NO warranty; not even for MERCHANTABILITY or FITNESS FOR A PARTICULAR PURPOSE.
  
configure:1708: $? = 0
configure:1710: /Users/eric/emsdk_portable/emscripten/tag-1.37.28/emcc -v </dev/null >&5
clang version 4.0.0  (emscripten 1.37.28 : 1.37.28)
Target: x86_64-apple-darwin16.7.0
Thread model: posix
InstalledDir: /Users/eric/emsdk_portable/clang/tag-e1.37.28/build_tag-e1.37.28_64/bin
INFO:root:(Emscripten: Running sanity checks)
emcc (Emscripten gcc/clang-like replacement + linker emulating GNU ld) 1.37.28
configure:1713: $? = 0
configure:1715: /Users/eric/emsdk_portable/emscripten/tag-1.37.28/emcc -V </dev/null >&5
ERROR:root:no input files
note that input files without a known suffix are ignored, make sure your input files end with one of: ('.c', '.C', '.i', '.cpp', '.cxx', '.cc', '.c++', '.CPP', '.CXX', '.CC', '.C++', '.ii', '.m', '.mi', '.mm', '.mii', '/dev/null', '.bc', '.o', '.obj', '.lo', '.dylib', '.so', '.a', '.ll', '.h', '.hxx', '.hpp', '.hh', '.H', '.HXX', '.HPP', '.HH')
configure:1718: $? = 1
configure:1741: checking for C compiler default output file name
configure:1744: /Users/eric/emsdk_portable/emscripten/tag-1.37.28/emcc    conftest.c  >&5
configure:1747: $? = 0
configure:1793: result: a.out
configure:1798: checking whether the C compiler works
configure:1804: ./a.out
configure:1807: $? = 0
configure:1824: result: yes
configure:1831: checking whether we are cross compiling
configure:1833: result: no
configure:1836: checking for suffix of executables
configure:1838: /Users/eric/emsdk_portable/emscripten/tag-1.37.28/emcc -o conftest    conftest.c  >&5
configure:1841: $? = 0
configure:1866: result: 
configure:1872: checking for suffix of object files
configure:1893: /Users/eric/emsdk_portable/emscripten/tag-1.37.28/emcc -c   conftest.c >&5
configure:1896: $? = 0
configure:1918: result: o
configure:1922: checking whether we are using the GNU C compiler
configure:1946: /Users/eric/emsdk_portable/emscripten/tag-1.37.28/emcc -c   conftest.c >&5
configure:1952: $? = 0
configure:1956: test -z 
			 || test ! -s conftest.err
configure:1959: $? = 0
configure:1962: test -s conftest.o
configure:1965: $? = 0
configure:1978: result: yes
configure:1984: checking whether /Users/eric/emsdk_portable/emscripten/tag-1.37.28/emcc accepts -g
configure:2005: /Users/eric/emsdk_portable/emscripten/tag-1.37.28/emcc -c -g  conftest.c >&5
configure:2011: $? = 0
configure:2015: test -z 
			 || test ! -s conftest.err
configure:2018: $? = 0
configure:2021: test -s conftest.o
configure:2024: $? = 0
configure:2035: result: yes
configure:2052: checking for /Users/eric/emsdk_portable/emscripten/tag-1.37.28/emcc option to accept ANSI C
configure:2122: /Users/eric/emsdk_portable/emscripten/tag-1.37.28/emcc  -c   conftest.c >&5
configure:2128: $? = 0
configure:2132: test -z 
			 || test ! -s conftest.err
configure:2135: $? = 0
configure:2138: test -s conftest.o
configure:2141: $? = 0
configure:2159: result: none needed
configure:2177: /Users/eric/emsdk_portable/emscripten/tag-1.37.28/emcc -c   conftest.c >&5
conftest.c:2:3: error: unknown type name 'choke'
  choke me
  ^
conftest.c:2:11: error: expected ';' after top level declarator
  choke me
          ^
          ;
2 errors generated.
ERROR:root:compiler frontend failed to generate LLVM bitcode, halting
configure:2183: $? = 1
configure: failed program was:
| #ifndef __cplusplus
|   choke me
| #endif
configure:2357: checking for ranlib
configure:2384: result: /Users/eric/emsdk_portable/emscripten/tag-1.37.28/emranlib
configure:2442: checking for ar
configure:2469: result: /Users/eric/emsdk_portable/emscripten/tag-1.37.28/emar
configure:2487: checking how to run the C preprocessor
configure:2522: /Users/eric/emsdk_portable/emscripten/tag-1.37.28/emcc -E  conftest.c
configure:2528: $? = 0
configure:2560: /Users/eric/emsdk_portable/emscripten/tag-1.37.28/emcc -E  conftest.c
conftest.c:9:10: fatal error: 'ac_nonexistent.h' file not found
#include <ac_nonexistent.h>
         ^~~~~~~~~~~~~~~~~~
1 error generated.
configure:2566: $? = 1
configure: failed program was:
| /* confdefs.h.  */
| 
| #define PACKAGE_NAME "util"
| #define PACKAGE_TARNAME "util"
| #define PACKAGE_VERSION "1.0"
| #define PACKAGE_STRING "util 1.0"
| #define PACKAGE_BUGREPORT "saord@cfa.harvard.edu"
| /* end confdefs.h.  */
| #include <ac_nonexistent.h>
configure:2605: result: /Users/eric/emsdk_portable/emscripten/tag-1.37.28/emcc -E
configure:2629: /Users/eric/emsdk_portable/emscripten/tag-1.37.28/emcc -E  conftest.c
configure:2635: $? = 0
configure:2667: /Users/eric/emsdk_portable/emscripten/tag-1.37.28/emcc -E  conftest.c
conftest.c:9:10: fatal error: 'ac_nonexistent.h' file not found
#include <ac_nonexistent.h>
         ^~~~~~~~~~~~~~~~~~
1 error generated.
configure:2673: $? = 1
configure: failed program was:
| /* confdefs.h.  */
| 
| #define PACKAGE_NAME "util"
| #define PACKAGE_TARNAME "util"
| #define PACKAGE_VERSION "1.0"
| #define PACKAGE_STRING "util 1.0"
| #define PACKAGE_BUGREPORT "saord@cfa.harvard.edu"
| /* end confdefs.h.  */
| #include <ac_nonexistent.h>
configure:2717: checking for egrep
configure:2727: result: grep -E
configure:2732: checking for ANSI C header files
configure:2757: /Users/eric/emsdk_portable/emscripten/tag-1.37.28/emcc -c   conftest.c >&5
configure:2763: $? = 0
configure:2767: test -z 
			 || test ! -s conftest.err
configure:2770: $? = 0
configure:2773: test -s conftest.o
configure:2776: $? = 0
configure:2865: /Users/eric/emsdk_portable/emscripten/tag-1.37.28/emcc -o conftest    conftest.c  >&5
conftest.c:26:7: error: implicitly declaring library function 'exit' with type 'void (int) __attribute__((noreturn))' [-Werror,-Wimplicit-function-declaration]
      exit(2);
      ^
conftest.c:26:7: note: include the header <stdlib.h> or explicitly provide a declaration for 'exit'
1 error generated.
ERROR:root:compiler frontend failed to generate LLVM bitcode, halting
configure:2868: $? = 1
configure: program exited with status 1
configure: failed program was:
| /* confdefs.h.  */
| 
| #define PACKAGE_NAME "util"
| #define PACKAGE_TARNAME "util"
| #define PACKAGE_VERSION "1.0"
| #define PACKAGE_STRING "util 1.0"
| #define PACKAGE_BUGREPORT "saord@cfa.harvard.edu"
| /* end confdefs.h.  */
| #include <ctype.h>
| #if ((' ' & 0x0FF) == 0x020)
| # define ISLOWER(c) ('a' <= (c) && (c) <= 'z')
| # define TOUPPER(c) (ISLOWER(c) ? 'A' + ((c) - 'a') : (c))
| #else
| # define ISLOWER(c) 		   (('a' <= (c) && (c) <= 'i') 		     || ('j' <= (c) && (c) <= 'r') 		     || ('s' <= (c) && (c) <= 'z'))
| # define TOUPPER(c) (ISLOWER(c) ? ((c) | 0x40) : (c))
| #endif
| 
| #define XOR(e, f) (((e) && !(f)) || (!(e) && (f)))
| int
| main ()
| {
|   int i;
|   for (i = 0; i < 256; i++)
|     if (XOR (islower (i), ISLOWER (i))
| 	|| toupper (i) != TOUPPER (i))
|       exit(2);
|   exit (0);
| }
configure:2888: result: no
configure:2912: checking for sys/types.h
configure:2928: /Users/eric/emsdk_portable/emscripten/tag-1.37.28/emcc -c   conftest.c >&5
configure:2934: $? = 0
configure:2938: test -z 
			 || test ! -s conftest.err
configure:2941: $? = 0
configure:2944: test -s conftest.o
configure:2947: $? = 0
configure:2958: result: yes
configure:2912: checking for sys/stat.h
configure:2928: /Users/eric/emsdk_portable/emscripten/tag-1.37.28/emcc -c   conftest.c >&5
configure:2934: $? = 0
configure:2938: test -z 
			 || test ! -s conftest.err
configure:2941: $? = 0
configure:2944: test -s conftest.o
configure:2947: $? = 0
configure:2958: result: yes
configure:2912: checking for stdlib.h
configure:2928: /Users/eric/emsdk_portable/emscripten/tag-1.37.28/emcc -c   conftest.c >&5
configure:2934: $? = 0
configure:2938: test -z 
			 || test ! -s conftest.err
configure:2941: $? = 0
configure:2944: test -s conftest.o
configure:2947: $? = 0
configure:2958: result: yes
configure:2912: checking for string.h
configure:2928: /Users/eric/emsdk_portable/emscripten/tag-1.37.28/emcc -c   conftest.c >&5
configure:2934: $? = 0
configure:2938: test -z 
			 || test ! -s conftest.err
configure:2941: $? = 0
configure:2944: test -s conftest.o
configure:2947: $? = 0
configure:2958: result: yes
configure:2912: checking for memory.h
configure:2928: /Users/eric/emsdk_portable/emscripten/tag-1.37.28/emcc -c   conftest.c >&5
configure:2934: $? = 0
configure:2938: test -z 
			 || test ! -s conftest.err
configure:2941: $? = 0
configure:2944: test -s conftest.o
configure:2947: $? = 0
configure:2958: result: yes
configure:2912: checking for strings.h
configure:2928: /Users/eric/emsdk_portable/emscripten/tag-1.37.28/emcc -c   conftest.c >&5
configure:2934: $? = 0
configure:2938: test -z 
			 || test ! -s conftest.err
configure:2941: $? = 0
configure:2944: test -s conftest.o
configure:2947: $? = 0
configure:2958: result: yes
configure:2912: checking for inttypes.h
configure:2928: /Users/eric/emsdk_portable/emscripten/tag-1.37.28/emcc -c   conftest.c >&5
configure:2934: $? = 0
configure:2938: test -z 
			 || test ! -s conftest.err
configure:2941: $? = 0
configure:2944: test -s conftest.o
configure:2947: $? = 0
configure:2958: result: yes
configure:2912: checking for stdint.h
configure:2928: /Users/eric/emsdk_portable/emscripten/tag-1.37.28/emcc -c   conftest.c >&5
configure:2934: $? = 0
configure:2938: test -z 
			 || test ! -s conftest.err
configure:2941: $? = 0
configure:2944: test -s conftest.o
configure:2947: $? = 0
configure:2958: result: yes
configure:2912: checking for unistd.h
configure:2928: /Users/eric/emsdk_portable/emscripten/tag-1.37.28/emcc -c   conftest.c >&5
configure:2934: $? = 0
configure:2938: test -z 
			 || test ! -s conftest.err
configure:2941: $? = 0
configure:2944: test -s conftest.o
configure:2947: $? = 0
configure:2958: result: yes
configure:2984: checking malloc.h usability
configure:2996: /Users/eric/emsdk_portable/emscripten/tag-1.37.28/emcc -c   conftest.c >&5
configure:3002: $? = 0
configure:3006: test -z 
			 || test ! -s conftest.err
configure:3009: $? = 0
configure:3012: test -s conftest.o
configure:3015: $? = 0
configure:3025: result: yes
configure:3029: checking malloc.h presence
configure:3039: /Users/eric/emsdk_portable/emscripten/tag-1.37.28/emcc -E  conftest.c
configure:3045: $? = 0
configure:3065: result: yes
configure:3100: checking for malloc.h
configure:3107: result: yes
configure:3134: checking getopt.h usability
configure:3146: /Users/eric/emsdk_portable/emscripten/tag-1.37.28/emcc -c   conftest.c >&5
configure:3152: $? = 0
configure:3156: test -z 
			 || test ! -s conftest.err
configure:3159: $? = 0
configure:3162: test -s conftest.o
configure:3165: $? = 0
configure:3175: result: yes
configure:3179: checking getopt.h presence
configure:3189: /Users/eric/emsdk_portable/emscripten/tag-1.37.28/emcc -E  conftest.c
configure:3195: $? = 0
configure:3215: result: yes
configure:3250: checking for getopt.h
configure:3257: result: yes
configure:3400: creating ./config.status

## ---------------------- ##
## Running config.status. ##
## ---------------------- ##

This file was extended by util config.status 1.0, which was
generated by GNU Autoconf 2.59.  Invocation command line was

  CONFIG_FILES    = 
  CONFIG_HEADERS  = 
  CONFIG_LINKS    = 
  CONFIG_COMMANDS = 
  $ ./config.status 

on baba.local

config.status:645: creating Makefile

## ---------------- ##
## Cache variables. ##
## ---------------- ##

ac_cv_build=x86_64-apple-darwin16.7.0
ac_cv_build_alias=x86_64-apple-darwin16.7.0
ac_cv_c_compiler_gnu=yes
ac_cv_env_CC_set=set
ac_cv_env_CC_value=/Users/eric/emsdk_portable/emscripten/tag-1.37.28/emcc
ac_cv_env_CFLAGS_set=set
ac_cv_env_CFLAGS_value=
ac_cv_env_CPPFLAGS_set=
ac_cv_env_CPPFLAGS_value=
ac_cv_env_CPP_set=
ac_cv_env_CPP_value=
ac_cv_env_LDFLAGS_set=
ac_cv_env_LDFLAGS_value=
ac_cv_env_build_alias_set=
ac_cv_env_build_alias_value=
ac_cv_env_host_alias_set=
ac_cv_env_host_alias_value=
ac_cv_env_target_alias_set=
ac_cv_env_target_alias_value=
ac_cv_exeext=
ac_cv_header_getopt_h=yes
ac_cv_header_inttypes_h=yes
ac_cv_header_malloc_h=yes
ac_cv_header_memory_h=yes
ac_cv_header_stdc=no
ac_cv_header_stdint_h=yes
ac_cv_header_stdlib_h=yes
ac_cv_header_string_h=yes
ac_cv_header_strings_h=yes
ac_cv_header_sys_stat_h=yes
ac_cv_header_sys_types_h=yes
ac_cv_header_unistd_h=yes
ac_cv_host=x86_64-apple-darwin16.7.0
ac_cv_host_alias=x86_64-apple-darwin16.7.0
ac_cv_objext=o
ac_cv_prog_CPP='/Users/eric/emsdk_portable/emscripten/tag-1.37.28/emcc -E'
ac_cv_prog_ac_ct_AR=/Users/eric/emsdk_portable/emscripten/tag-1.37.28/emar
ac_cv_prog_ac_ct_CC=/Users/eric/emsdk_portable/emscripten/tag-1.37.28/emcc
ac_cv_prog_ac_ct_RANLIB=/Users/eric/emsdk_portable/emscripten/tag-1.37.28/emranlib
ac_cv_prog_cc_g=yes
ac_cv_prog_cc_stdc=
ac_cv_prog_egrep='grep -E'

## ----------------- ##
## Output variables. ##
## ----------------- ##

AR='/Users/eric/emsdk_portable/emscripten/tag-1.37.28/emar'
CC='/Users/eric/emsdk_portable/emscripten/tag-1.37.28/emcc'
CFLAGS=''
CPP='/Users/eric/emsdk_portable/emscripten/tag-1.37.28/emcc -E'
CPPFLAGS=''
DEFS='-DPACKAGE_NAME=\"util\" -DPACKAGE_TARNAME=\"util\" -DPACKAGE_VERSION=\"1.0\" -DPACKAGE_STRING=\"util\ 1.0\" -DPACKAGE_BUGREPORT=\"saord@cfa.harvard.edu\" -DHAVE_SYS_TYPES_H=1 -DHAVE_SYS_STAT_H=1 -DHAVE_STDLIB_H=1 -DHAVE_STRING_H=1 -DHAVE_MEMORY_H=1 -DHAVE_STRINGS_H=1 -DHAVE_INTTYPES_H=1 -DHAVE_STDINT_H=1 -DHAVE_UNISTD_H=1 -DHAVE_MALLOC_H=1 -DHAVE_GETOPT_H=1 '
ECHO_C='ECHO_N=''
ECHO_T=''
EGREP='grep -E'
EXEEXT=''
LDFLAGS=''
LIBOBJS=''
LIBS=''
LTLIBOBJS=''
OBJEXT='o'
PACKAGE_BUGREPORT='saord@cfa.harvard.edu'
PACKAGE_NAME='util'
PACKAGE_STRING='util 1.0'
PACKAGE_TARNAME='util'
PACKAGE_VERSION='1.0'
PATH_SEPARATOR=':'
RANLIB='/Users/eric/emsdk_portable/emscripten/tag-1.37.28/emranlib'
SHELL='/bin/sh'
ac_ct_AR='/Users/eric/emsdk_portable/emscripten/tag-1.37.28/emar'
ac_ct_CC='/Users/eric/emsdk_portable/emscripten/tag-1.37.28/emcc'
ac_ct_RANLIB='/Users/eric/emsdk_portable/emscripten/tag-1.37.28/emranlib'
bindir='${exec_prefix}/bin'
build='x86_64-apple-darwin16.7.0'
build_alias=''
build_cpu='x86_64'
build_os='darwin16.7.0'
build_vendor='apple'
datadir='${prefix}/share'
exec_prefix='${prefix}'
host='x86_64-apple-darwin16.7.0'
host_alias=''
host_cpu='x86_64'
host_os='darwin16.7.0'
host_vendor='apple'
includedir='${prefix}/include'
infodir='${prefix}/info'
libdir='${exec_prefix}/lib'
libexecdir='${exec_prefix}/libexec'
localstatedir='${prefix}/var'
mandir='${prefix}/man'
oldincludedir='/usr/include'
prefix='/usr/local'
program_transform_name='s,x,x,'
sbindir='${exec_prefix}/sbin'
sharedstatedir='${prefix}/com'
sysconfdir='${prefix}/etc'
target_alias=''

## ----------- ##
## confdefs.h. ##
## ----------- ##

#define HAVE_GETOPT_H 1
#define HAVE_INTTYPES_H 1
#define HAVE_MALLOC_H 1
#define HAVE_MEMORY_H 1
#define HAVE_STDINT_H 1
#define HAVE_STDLIB_H 1
#define HAVE_STRINGS_H 1
#define HAVE_STRING_H 1
#define HAVE_SYS_STAT_H 1
#define HAVE_SYS_TYPES_H 1
#define HAVE_UNISTD_H 1
#define PACKAGE_BUGREPORT "saord@cfa.harvard.edu"
#define PACKAGE_NAME "util"
#define PACKAGE_STRING "util 1.0"
#define PACKAGE_TARNAME "util"
#define PACKAGE_VERSION "1.0"

configure: exit 0
